Arguments: 
  C:\Program Files\nodejs\node.exe C:\Users\Hp\AppData\Roaming\npm\node_modules\yarn\bin\yarn.js

PATH: 
  C:\Program Files (x86)\PowerShell\7;C:\Python311\Scripts\;C:\Python311\;C:\WINDOWS\system32;C:\WINDOWS;C:\WINDOWS\System32\Wbem;C:\WINDOWS\System32\WindowsPowerShell\v1.0\;C:\WINDOWS\System32\OpenSSH\;C:\Program Files\Git\cmd;C:\wamp64\bin\php\php7.3.21;C:\ProgramData\ComposerSetup\bin;C:\ProgramData\chocolatey\bin;C:\Users\Hp\AppData\Local\Android\Sdk\platform-tools;C:\Users\Hp\AppData\Local\Android\Sdk\tools;C:\Program Files\Java\jdk1.8.0_211\bin;C:\gradle\gradle-7.0.2\bin;C:\Program Files\PostgreSQL\14\lib;C:\Program Files\PostgreSQL\14\bin;C:\Program Files (x86)\Google\Cloud SDK\google-cloud-sdk\bin;C:\Users\Hp\AppData\Roaming\nvm;C:\Program Files\nodejs;C:\Program Files\nodejs;C:\Program Files\PuTTY\;C:\Program Files (x86)\PowerShell\7\;C:\Program Files\Docker\Docker\resources\bin;C:\Program Files\Amazon\AWSSAMCLI\bin\;C:\Program Files\Amazon\AWSCLIV2\;C:\Users\Hp\.windows-build-tools\python27\;C:\Users\Hp\AppData\Roaming\npm\node_modules\windows-build-tools\node_modules\.bin;C:\Users\Hp\AppData\Roaming\npm\node_modules\node_modules\.bin;C:\Users\Hp\AppData\Roaming\npm\node_modules\.bin;C:\Users\Hp\AppData\Roaming\node_modules\.bin;C:\Users\Hp\AppData\node_modules\.bin;C:\Users\Hp\node_modules\.bin;C:\Users\node_modules\.bin;C:\node_modules\.bin;C:\Users\Hp\AppData\Roaming\nvm\v16.13.2\node_modules\npm\node_modules\@npmcli\run-script\lib\node-gyp-bin;C:\Python311\Scripts\;C:\Python311\;C:\WINDOWS\system32;C:\WINDOWS;C:\WINDOWS\System32\Wbem;C:\WINDOWS\System32\WindowsPowerShell\v1.0\;C:\WINDOWS\System32\OpenSSH\;C:\Program Files\Git\cmd;C:\wamp64\bin\php\php7.3.21;C:\ProgramData\ComposerSetup\bin;C:\ProgramData\chocolatey\bin;C:\Users\Hp\AppData\Local\Android\Sdk\platform-tools;C:\Users\Hp\AppData\Local\Android\Sdk\tools;C:\Program Files\Java\jdk1.8.0_211\bin;C:\gradle\gradle-7.0.2\bin;C:\Program Files\PostgreSQL\14\lib;C:\Program Files\PostgreSQL\14\bin;C:\Program Files (x86)\Google\Cloud SDK\google-cloud-sdk\bin;C:\Users\Hp\AppData\Roaming\nvm;C:\Program Files\nodejs;C:\Program Files\nodejs;C:\Program Files\PuTTY\;C:\Program Files (x86)\PowerShell\7\;C:\Program Files\Docker\Docker\resources\bin;C:\Program Files\Amazon\AWSSAMCLI\bin\;C:\Program Files\Amazon\AWSCLIV2\;C:\Users\Hp\AppData\Local\pnpm;C:\Users\Hp\AppData\Local\Microsoft\WindowsApps;C:\Users\Hp\AppData\Local\Programs\Microsoft VS Code\bin;C:\flutter\bin;C:\Users\Hp\AppData\Roaming\Composer\vendor\bin;C:\tools\dart-sdk\bin;C:\Users\Hp\AppData\Roaming\Pub\Cache\bin;C:\Users\Hp\AppData\Roaming\npm;C:\Users\Hp\Downloads\ngrok-v3-stable-windows-amd64;C:\Users\Hp\AppData\Local\Pub\Cache\bin;C:\Users\Hp\.fly\bin

Yarn version: 
  1.22.10

Node version: 
  18.0.0

Platform: 
  win32 x64

Trace: 
  Error: EPERM: operation not permitted, unlink 'C:\wamp64\www\elomi\dami\node_modules\@esbuild\win32-x64\esbuild.exe'

npm manifest: 
  {
  	"name": "dami",
  	"version": "0.0.1",
  	"private": true,
  	"scripts": {
  		"dev": "vite dev",
  		"build": "vite build",
  		"preview": "vite preview",
  		"check": "svelte-kit sync && svelte-check --tsconfig ./tsconfig.json",
  		"check:watch": "svelte-kit sync && svelte-check --tsconfig ./tsconfig.json --watch"
  	},
  	"devDependencies": {
  		"@sveltejs/adapter-auto": "^2.0.0",
  		"@sveltejs/kit": "^1.5.0",
  		"autoprefixer": "^10.4.14",
  		"postcss": "^8.4.27",
  		"svelte": "^3.54.0",
  		"svelte-check": "^3.0.1",
  		"tailwindcss": "^3.3.3",
  		"tslib": "^2.4.1",
  		"typescript": "^5.0.0",
  		"vite": "^4.3.0"
  	},
  	"type": "module"
  }

yarn manifest: 
  No manifest

Lockfile: 
  No lockfile
